BurgerJoint/app/build/intermediates/manifest_merge_blame_file/debug/manifest-merger-blame-debug-report.txt
1<?xml version="1.0" encoding="utf-8"?>
2<manifest xmlns:android="http://schemas.android.com/apk/res/android"
3    package="com.zg.burgerjoint"
4    android:versionCode="1"
5    android:versionName="1.0" >
6
7    <uses-sdk
8        android:minSdkVersion="21"
8-->src\main\AndroidManifest.xml
9        android:targetSdkVersion="29" />
9-->src\main\AndroidManifest.xml
10
11    <uses-permission android:name="android.permission.INTERNET" />
11-->src\main\AndroidManifest.xml:5:5-67
11-->src\main\AndroidManifest.xml:5:22-64
12
13    <application
13-->src\main\AndroidManifest.xml:7:5-39:19
14        android:name="com.zg.burgerjoint.BurgerJointApp"
14-->src\main\AndroidManifest.xml:8:9-39
15        android:allowBackup="true"
15-->src\main\AndroidManifest.xml:9:9-35
16        android:appComponentFactory="androidx.core.app.CoreComponentFactory"
16-->[androidx.core:core:1.1.0] AndroidManifest.xml:24:18-86
17        android:debuggable="true"
18        android:icon="@mipmap/ic_launcher"
18-->src\main\AndroidManifest.xml:10:9-43
19        android:label="@string/app_name"
19-->src\main\AndroidManifest.xml:11:9-41
20        android:roundIcon="@mipmap/ic_launcher_round"
20-->src\main\AndroidManifest.xml:12:9-54
21        android:supportsRtl="true"
21-->src\main\AndroidManifest.xml:13:9-35
22        android:testOnly="true"
23        android:theme="@style/AppTheme" >
23-->src\main\AndroidManifest.xml:14:9-40
24        <activity
24-->src\main\AndroidManifest.xml:15:9-25:20
25            android:name="com.zg.burgerjoint.activities.LoginActivity"
25-->src\main\AndroidManifest.xml:16:13-53
26            android:label="@string/title_activity_login" >
26-->src\main\AndroidManifest.xml:17:13-57
27            <intent-filter>
27-->src\main\AndroidManifest.xml:19:13-23:29
28                <action android:name="android.intent.action.MAIN" />
28-->src\main\AndroidManifest.xml:20:17-69
28-->src\main\AndroidManifest.xml:20:25-66
29
30                <category android:name="android.intent.category.LAUNCHER" />
30-->src\main\AndroidManifest.xml:22:17-77
30-->src\main\AndroidManifest.xml:22:27-74
31            </intent-filter>
32        </activity>
33        <activity android:name="com.zg.burgerjoint.activities.GameActivity" />
33-->src\main\AndroidManifest.xml:26:9-61
33-->src\main\AndroidManifest.xml:26:19-58
34        <activity
34-->src\main\AndroidManifest.xml:27:9-32:20
35            android:name="com.zg.burgerjoint.activities.MainActivity"
35-->src\main\AndroidManifest.xml:28:13-52
36            android:label="@string/app_name"
36-->src\main\AndroidManifest.xml:29:13-45
37            android:theme="@style/AppTheme" >
37-->src\main\AndroidManifest.xml:30:13-44
38        </activity>
39        <activity
39-->src\main\AndroidManifest.xml:33:9-35:47
40            android:name="com.zg.burgerjoint.activities.BurgerDetailsActivity"
40-->src\main\AndroidManifest.xml:34:13-61
41            android:theme="@style/AppTheme" />
41-->src\main\AndroidManifest.xml:35:13-44
42        <activity
42-->src\main\AndroidManifest.xml:36:9-38:47
43            android:name="com.zg.burgerjoint.activities.CartActivity"
43-->src\main\AndroidManifest.xml:37:13-52
44            android:theme="@style/AppTheme" />
44-->src\main\AndroidManifest.xml:38:13-44
45
46        <service
46-->[androidx.room:room-runtime:2.2.1] AndroidManifest.xml:25:9-27:40
47            android:name="androidx.room.MultiInstanceInvalidationService"
47-->[androidx.room:room-runtime:2.2.1] AndroidManifest.xml:26:13-74
48            android:exported="false" />
48-->[androidx.room:room-runtime:2.2.1] AndroidManifest.xml:27:13-37
49
50        <provider
50-->[androidx.lifecycle:lifecycle-process:2.1.0] AndroidManifest.xml:23:9-27:43
51            android:name="androidx.lifecycle.ProcessLifecycleOwnerInitializer"
51-->[androidx.lifecycle:lifecycle-process:2.1.0] AndroidManifest.xml:24:13-79
52            android:authorities="com.zg.burgerjoint.lifecycle-process"
52-->[androidx.lifecycle:lifecycle-process:2.1.0] AndroidManifest.xml:25:13-69
53            android:exported="false"
53-->[androidx.lifecycle:lifecycle-process:2.1.0] AndroidManifest.xml:26:13-37
54            android:multiprocess="true" />
54-->[androidx.lifecycle:lifecycle-process:2.1.0] AndroidManifest.xml:27:13-40
55    </application>
56
57</manifest>